<?xml version="1.0" encoding="UTF-8"?>
<testng-results skipped="0" failed="0" ignored="0" total="1" passed="1">
  <reporter-output>
  </reporter-output>
  <suite name="Suite" duration-ms="63208" started-at="2018-10-10T05:08:47Z" finished-at="2018-10-10T05:09:51Z">
    <groups>
    </groups>
    <test name="Test" duration-ms="63208" started-at="2018-10-10T05:08:47Z" finished-at="2018-10-10T05:09:51Z">
      <class name="testcases.LoginFlow">
        <test-method status="PASS" signature="beforeSuite()[pri:0, instance:testcases.LoginFlow@235b8e]" name="beforeSuite" is-config="true" duration-ms="264" started-at="2018-10-09T22:08:47Z" finished-at="2018-10-09T22:08:47Z">
          <reporter-output>
          </reporter-output>
        </test-method> <!-- beforeSuite -->
        <test-method status="PASS" signature="setData()[pri:0, instance:testcases.LoginFlow@235b8e]" name="setData" is-config="true" duration-ms="1" started-at="2018-10-09T22:08:47Z" finished-at="2018-10-09T22:08:47Z">
          <reporter-output>
          </reporter-output>
        </test-method> <!-- setData -->
        <test-method status="PASS" signature="beforeClass()[pri:0, instance:testcases.LoginFlow@235b8e]" name="beforeClass" is-config="true" duration-ms="4" started-at="2018-10-09T22:08:47Z" finished-at="2018-10-09T22:08:47Z">
          <reporter-output>
          </reporter-output>
        </test-method> <!-- beforeClass -->
        <test-method status="PASS" signature="beforeMethod()[pri:0, instance:testcases.LoginFlow@235b8e]" name="beforeMethod" is-config="true" duration-ms="23069" started-at="2018-10-09T22:08:49Z" finished-at="2018-10-09T22:09:12Z">
          <reporter-output>
          </reporter-output>
        </test-method> <!-- beforeMethod -->
        <test-method status="PASS" signature="Login(java.lang.String, java.lang.String)[pri:0, instance:testcases.LoginFlow@235b8e]" name="Login" duration-ms="36416" started-at="2018-10-09T22:09:12Z" data-provider="fetchData" finished-at="2018-10-09T22:09:48Z">
          <params>
            <param index="0">
              <value>
                <![CDATA[0a@gmail.com]]>
              </value>
            </param>
            <param index="1">
              <value>
                <![CDATA[Cameraman12$]]>
              </value>
            </param>
          </params>
          <reporter-output>
          </reporter-output>
        </test-method> <!-- Login -->
        <test-method status="PASS" signature="afterMethod()[pri:0, instance:testcases.LoginFlow@235b8e]" name="afterMethod" is-config="true" duration-ms="2495" started-at="2018-10-09T22:09:48Z" finished-at="2018-10-09T22:09:51Z">
          <reporter-output>
          </reporter-output>
        </test-method> <!-- afterMethod -->
        <test-method status="PASS" signature="afterTest()[pri:0, instance:testcases.LoginFlow@235b8e]" name="afterTest" is-config="true" duration-ms="1" started-at="2018-10-09T22:09:51Z" finished-at="2018-10-09T22:09:51Z">
          <reporter-output>
          </reporter-output>
        </test-method> <!-- afterTest -->
        <test-method status="PASS" signature="afterSuite()[pri:0, instance:testcases.LoginFlow@235b8e]" name="afterSuite" is-config="true" duration-ms="720" started-at="2018-10-09T22:09:51Z" finished-at="2018-10-09T22:09:51Z">
          <reporter-output>
          </reporter-output>
        </test-method> <!-- afterSuite -->
      </class> <!-- testcases.LoginFlow -->
    </test> <!-- Test -->
  </suite> <!-- Suite -->
</testng-results>
